2020-09-25 18:18:55,851 - 启动服务器：8888
2020-09-25 18:19:58,802 - 与客户端连接...
2020-09-25 18:19:58,896 - 注册成功！客户端127.0.0.1，监听端口：10000
2020-09-25 18:20:05,356 - 请求连接：4889e7fffea7b36d-000064b4-00000003-1bbfb339933cad3d-827e50a5
2020-09-25 18:20:05,356 - 请求连接：4889e7fffea7b36d-000064b4-00000004-226df739933cad3f-1b2eed8b
2020-09-25 18:20:05,360 - 请求转发：4889e7fffea7b36d-000064b4-00000003-1bbfb339933cad3d-827e50a5
2020-09-25 18:20:05,360 - 请求转发：4889e7fffea7b36d-000064b4-00000003-1bbfb339933cad3d-827e50a5
2020-09-25 18:20:05,438 - 连接成功！
2020-09-25 18:20:05,442 - 连接成功！
2020-09-25 18:20:05,787 - 转发成功！
2020-09-25 18:20:05,797 - 转发成功！
2020-09-25 18:20:05,799 - 转发成功！
2020-09-25 18:20:05,873 - 请求转发：4889e7fffea7b36d-000064b4-00000003-1bbfb339933cad3d-827e50a5
2020-09-25 18:20:05,876 - 请求转发：4889e7fffea7b36d-000064b4-00000004-226df739933cad3f-1b2eed8b
2020-09-25 18:20:05,877 - 请求转发：4889e7fffea7b36d-000064b4-00000004-226df739933cad3f-1b2eed8b
2020-09-25 18:20:05,904 - 转发成功！
2020-09-25 18:20:05,918 - 转发成功！
2020-09-25 18:20:05,920 - 转发成功！
2020-09-25 18:20:05,946 - 请求转发：4889e7fffea7b36d-000064b4-00000004-226df739933cad3f-1b2eed8b
2020-09-25 18:20:05,947 - 请求转发：4889e7fffea7b36d-000064b4-00000003-1bbfb339933cad3d-827e50a5
2020-09-25 18:20:05,953 - 请求连接：4889e7fffea7b36d-000064b4-00000005-33be176f933cafbd-039e7d9a
2020-09-25 18:20:05,956 - 请求转发：4889e7fffea7b36d-000064b4-00000005-33be176f933cafbd-039e7d9a
2020-09-25 18:20:05,957 - 请求转发：4889e7fffea7b36d-000064b4-00000005-33be176f933cafbd-039e7d9a
2020-09-25 18:20:05,960 - 请求连接：4889e7fffea7b36d-000064b4-00000006-3aea946f933cafc0-c131d4df
2020-09-25 18:20:05,962 - 请求转发：4889e7fffea7b36d-000064b4-00000006-3aea946f933cafc0-c131d4df
2020-09-25 18:20:05,962 - 请求转发：4889e7fffea7b36d-000064b4-00000006-3aea946f933cafc0-c131d4df
2020-09-25 18:20:05,980 - 请求连接：4889e7fffea7b36d-000064b4-00000007-354908ef933cafd0-ae908496
2020-09-25 18:20:05,981 - 请求转发：4889e7fffea7b36d-000064b4-00000007-354908ef933cafd0-ae908496
2020-09-25 18:20:05,982 - 请求转发：4889e7fffea7b36d-000064b4-00000007-354908ef933cafd0-ae908496
2020-09-25 18:20:05,990 - 转发成功！
2020-09-25 18:20:05,991 - 转发成功！
2020-09-25 18:20:05,992 - 转发成功！
2020-09-25 18:20:05,993 - 转发成功！
2020-09-25 18:20:06,070 - 连接成功！
2020-09-25 18:20:06,071 - 转发成功！
2020-09-25 18:20:06,071 - 转发成功！
2020-09-25 18:20:06,072 - 连接成功！
2020-09-25 18:20:06,073 - 转发成功！
2020-09-25 18:20:06,073 - 连接成功！
2020-09-25 18:20:06,079 - 转发成功！
2020-09-25 18:20:06,080 - 转发成功！
2020-09-25 18:20:06,215 - 请求转发：4889e7fffea7b36d-000064b4-00000007-354908ef933cafd0-ae908496
2020-09-25 18:20:06,229 - 转发成功！
2020-09-25 18:20:06,230 - 转发成功！
2020-09-25 18:20:08,258 - 请求转发：4889e7fffea7b36d-000064b4-00000007-354908ef933cafd0-ae908496
2020-09-25 18:20:08,272 - 转发成功！
2020-09-25 18:20:12,168 - 请求关闭...
2020-09-25 18:20:12,179 - 请求关闭...
2020-09-25 18:20:12,180 - 请求关闭...
2020-09-25 18:20:12,180 - 关闭成功：4889e7fffea7b36d-000064b4-00000006-3aea946f933cafc0-c131d4df
2020-09-25 18:20:12,181 - 关闭成功：4889e7fffea7b36d-000064b4-00000005-33be176f933cafbd-039e7d9a
2020-09-25 18:20:12,180 - 关闭成功：4889e7fffea7b36d-000064b4-00000007-354908ef933cafd0-ae908496
2020-09-25 18:20:12,189 - 请求关闭...
2020-09-25 18:20:12,190 - 关闭成功：4889e7fffea7b36d-000064b4-00000003-1bbfb339933cad3d-827e50a5
2020-09-25 18:20:12,190 - 请求关闭...
2020-09-25 18:20:12,191 - 关闭成功：4889e7fffea7b36d-000064b4-00000004-226df739933cad3f-1b2eed8b
2020-09-25 18:20:15,011 - 与客户端断开连接...
2020-09-25 18:25:37,857 - 与客户端连接...
2020-09-25 18:25:37,939 - 注册成功！客户端127.0.0.1，监听端口：10000
2020-09-25 18:25:42,600 - 与客户端断开连接...
